\BOOKMARK [1][-]{section.1}{Algorithms}{}% 1
\BOOKMARK [2][-]{subsection.1.1}{Mo.cpp}{section.1}% 2
\BOOKMARK [1][-]{section.2}{Dynamic Programming}{}% 3
\BOOKMARK [2][-]{subsection.2.1}{Convex\137Hull\137Trick.cpp}{section.2}% 4
\BOOKMARK [2][-]{subsection.2.2}{Convex\137Hull\137Trick\137Dynamic.cpp}{section.2}% 5
\BOOKMARK [2][-]{subsection.2.3}{Divide\137And\137Conquer.cpp}{section.2}% 6
\BOOKMARK [2][-]{subsection.2.4}{Knuth.cpp}{section.2}% 7
\BOOKMARK [1][-]{section.3}{Data Structures}{}% 8
\BOOKMARK [2][-]{subsection.3.1}{BIT.cpp}{section.3}% 9
\BOOKMARK [2][-]{subsection.3.2}{BIT\137Range.cpp}{section.3}% 10
\BOOKMARK [2][-]{subsection.3.3}{Treap.cpp}{section.3}% 11
\BOOKMARK [2][-]{subsection.3.4}{Treap\137Implicit.cpp}{section.3}% 12
\BOOKMARK [2][-]{subsection.3.5}{Splay.cpp}{section.3}% 13
\BOOKMARK [2][-]{subsection.3.6}{Splay\137Implicit.cpp}{section.3}% 14
\BOOKMARK [2][-]{subsection.3.7}{Link\137Cut\137Tree.cpp}{section.3}% 15
\BOOKMARK [2][-]{subsection.3.8}{Persistent\137Segment\137Tree.cpp}{section.3}% 16
\BOOKMARK [1][-]{section.4}{Geometry}{}% 17
\BOOKMARK [2][-]{subsection.4.1}{Convex\137Hull.cpp}{section.4}% 18
\BOOKMARK [2][-]{subsection.4.2}{Delaunay.cpp}{section.4}% 19
\BOOKMARK [1][-]{section.5}{Graph Theory}{}% 20
\BOOKMARK [2][-]{subsection.5.1}{Eulerian.cpp}{section.5}% 21
\BOOKMARK [2][-]{subsection.5.2}{SCC.cpp}{section.5}% 22
\BOOKMARK [2][-]{subsection.5.3}{Biconnected\137Components.cpp}{section.5}% 23
\BOOKMARK [2][-]{subsection.5.4}{Max\137Flow.cpp}{section.5}% 24
\BOOKMARK [2][-]{subsection.5.5}{Max\137Flow\137Min\137Cost.cpp}{section.5}% 25
\BOOKMARK [2][-]{subsection.5.6}{Max\137Matching.cpp}{section.5}% 26
\BOOKMARK [2][-]{subsection.5.7}{Min\137Cut.cpp}{section.5}% 27
\BOOKMARK [2][-]{subsection.5.8}{LCA.cpp}{section.5}% 28
\BOOKMARK [2][-]{subsection.5.9}{HLD.cpp}{section.5}% 29
\BOOKMARK [1][-]{section.6}{Mathematics}{}% 30
\BOOKMARK [2][-]{subsection.6.1}{General.cpp}{section.6}% 31
\BOOKMARK [2][-]{subsection.6.2}{Miller\137Rabin.cpp}{section.6}% 32
\BOOKMARK [2][-]{subsection.6.3}{Euclid.cpp}{section.6}% 33
\BOOKMARK [2][-]{subsection.6.4}{Combinatorics.cpp}{section.6}% 34
\BOOKMARK [2][-]{subsection.6.5}{Gauss\137Jordon.cpp}{section.6}% 35
\BOOKMARK [2][-]{subsection.6.6}{Matrix.cpp}{section.6}% 36
\BOOKMARK [2][-]{subsection.6.7}{FFT.cpp}{section.6}% 37
\BOOKMARK [1][-]{section.7}{String}{}% 38
\BOOKMARK [2][-]{subsection.7.1}{Manacher's.cpp}{section.7}% 39
\BOOKMARK [2][-]{subsection.7.2}{KMP.cpp}{section.7}% 40
\BOOKMARK [2][-]{subsection.7.3}{Rabin\137Karp.cpp}{section.7}% 41
\BOOKMARK [2][-]{subsection.7.4}{Z\137Algorithm.cpp}{section.7}% 42
\BOOKMARK [2][-]{subsection.7.5}{Suffix\137Array.cpp}{section.7}% 43
\BOOKMARK [2][-]{subsection.7.6}{Suffix\137Tree.cpp}{section.7}% 44
