\BOOKMARK [1][-]{section.1}{Algorithms}{}% 1
\BOOKMARK [2][-]{subsection.1.1}{Mo.cpp}{section.1}% 2
\BOOKMARK [1][-]{section.2}{Data Structures}{}% 3
\BOOKMARK [2][-]{subsection.2.1}{BIT.cpp}{section.2}% 4
\BOOKMARK [2][-]{subsection.2.2}{BIT\137Range.cpp}{section.2}% 5
\BOOKMARK [2][-]{subsection.2.3}{Treap.cpp}{section.2}% 6
\BOOKMARK [1][-]{section.3}{Geometry}{}% 7
\BOOKMARK [2][-]{subsection.3.1}{Convex\137Hull.cpp}{section.3}% 8
\BOOKMARK [1][-]{section.4}{Graph Theory}{}% 9
\BOOKMARK [2][-]{subsection.4.1}{SCC.cpp}{section.4}% 10
\BOOKMARK [2][-]{subsection.4.2}{Biconnected\137Components.cpp}{section.4}% 11
\BOOKMARK [2][-]{subsection.4.3}{Dinic's.cpp}{section.4}% 12
\BOOKMARK [2][-]{subsection.4.4}{StoerWagner.cpp}{section.4}% 13
\BOOKMARK [2][-]{subsection.4.5}{LCA.cpp}{section.4}% 14
\BOOKMARK [2][-]{subsection.4.6}{HLD.cpp}{section.4}% 15
\BOOKMARK [1][-]{section.5}{Mathematics}{}% 16
\BOOKMARK [2][-]{subsection.5.1}{Euclid.cpp}{section.5}% 17
\BOOKMARK [2][-]{subsection.5.2}{Combinatorics.cpp}{section.5}% 18
\BOOKMARK [2][-]{subsection.5.3}{Gauss\137Jordon.cpp}{section.5}% 19
\BOOKMARK [1][-]{section.6}{String}{}% 20
\BOOKMARK [2][-]{subsection.6.1}{Manacher's.cpp}{section.6}% 21
\BOOKMARK [2][-]{subsection.6.2}{KMP.cpp}{section.6}% 22
\BOOKMARK [2][-]{subsection.6.3}{Rabin\137Karp.cpp}{section.6}% 23
\BOOKMARK [2][-]{subsection.6.4}{Z\137Algorithm.cpp}{section.6}% 24
\BOOKMARK [2][-]{subsection.6.5}{Suffix\137Array.cpp}{section.6}% 25
