\BOOKMARK [1][-]{section.1}{Algorithms}{}% 1
\BOOKMARK [2][-]{subsection.1.1}{Mo.cpp}{section.1}% 2
\BOOKMARK [1][-]{section.2}{Data Structures}{}% 3
\BOOKMARK [2][-]{subsection.2.1}{BIT.cpp}{section.2}% 4
\BOOKMARK [2][-]{subsection.2.2}{BIT\137Range.cpp}{section.2}% 5
\BOOKMARK [2][-]{subsection.2.3}{Treap.cpp}{section.2}% 6
\BOOKMARK [2][-]{subsection.2.4}{Persistent\137Segment\137Tree.cpp}{section.2}% 7
\BOOKMARK [1][-]{section.3}{Geometry}{}% 8
\BOOKMARK [2][-]{subsection.3.1}{Convex\137Hull.cpp}{section.3}% 9
\BOOKMARK [2][-]{subsection.3.2}{Delaunay.cpp}{section.3}% 10
\BOOKMARK [1][-]{section.4}{Graph Theory}{}% 11
\BOOKMARK [2][-]{subsection.4.1}{Eulerian.cpp}{section.4}% 12
\BOOKMARK [2][-]{subsection.4.2}{SCC.cpp}{section.4}% 13
\BOOKMARK [2][-]{subsection.4.3}{Biconnected\137Components.cpp}{section.4}% 14
\BOOKMARK [2][-]{subsection.4.4}{Max\137Flow.cpp}{section.4}% 15
\BOOKMARK [2][-]{subsection.4.5}{Max\137Flow\137Min\137Cost.cpp}{section.4}% 16
\BOOKMARK [2][-]{subsection.4.6}{Max\137Matching.cpp}{section.4}% 17
\BOOKMARK [2][-]{subsection.4.7}{Min\137Cut.cpp}{section.4}% 18
\BOOKMARK [2][-]{subsection.4.8}{LCA.cpp}{section.4}% 19
\BOOKMARK [2][-]{subsection.4.9}{HLD.cpp}{section.4}% 20
\BOOKMARK [1][-]{section.5}{Mathematics}{}% 21
\BOOKMARK [2][-]{subsection.5.1}{General.cpp}{section.5}% 22
\BOOKMARK [2][-]{subsection.5.2}{Miller\137Rabin.cpp}{section.5}% 23
\BOOKMARK [2][-]{subsection.5.3}{Euclid.cpp}{section.5}% 24
\BOOKMARK [2][-]{subsection.5.4}{Combinatorics.cpp}{section.5}% 25
\BOOKMARK [2][-]{subsection.5.5}{Gauss\137Jordon.cpp}{section.5}% 26
\BOOKMARK [1][-]{section.6}{String}{}% 27
\BOOKMARK [2][-]{subsection.6.1}{Manacher's.cpp}{section.6}% 28
\BOOKMARK [2][-]{subsection.6.2}{KMP.cpp}{section.6}% 29
\BOOKMARK [2][-]{subsection.6.3}{Rabin\137Karp.cpp}{section.6}% 30
\BOOKMARK [2][-]{subsection.6.4}{Z\137Algorithm.cpp}{section.6}% 31
\BOOKMARK [2][-]{subsection.6.5}{Suffix\137Array.cpp}{section.6}% 32
\BOOKMARK [2][-]{subsection.6.6}{Suffix\137Tree.cpp}{section.6}% 33
